<?xml version="1.0" encoding="UTF-8"?>

<persistence xmlns="http://java.sun.com/xml/ns/persistence" version="1.0">
	<persistence-unit name="primary" transaction-type="RESOURCE_LOCAL">
        <provider>org.hibernate.ejb.HibernatePersistence</provider>
        <class>com.homerenting.domain.Member</class>
        <class>com.homerenting.domain.User</class>
        <class>com.homerenting.domain.EnergieCertificate</class>
        <class>com.homerenting.domain.Highlights</class>
        <class>com.homerenting.domain.District</class>
        <class>com.homerenting.domain.Parish</class>
        <class>com.homerenting.domain.Region</class>
        <class>com.homerenting.domain.Property</class>
        <class>com.homerenting.domain.CompanyMOTD</class>
        <class>com.homerenting.domain.Apartment</class>
        <class>com.homerenting.domain.modules.header.contacts.EmailContact</class>
        <class>com.homerenting.domain.UserShortProfile</class>
        <class>com.homerenting.domain.AccountTokens</class>
        <class>com.homerenting.domain.modules.header.security.Role</class>

        <properties>
            <property name="hibernate.dialect"
                value="org.hibernate.dialect.H2Dialect"/>
	        <property name="hibernate.hbm2ddl.auto" value="create-drop" />
        	<property name="hibernate.show_sql" value="true" />
        </properties>
	</persistence-unit>
</persistence>